<?xml version="1.0" encoding="utf-8"?><testsuites><testsuite name="pytest" errors="0" failures="2" skipped="0" tests="3" time="72.073" timestamp="2021-01-09T16:54:31.606424" hostname="DESKTOP-DPC6NFF"><testcase classname="test_HomePage.TestHomePage" name="test_formSubmission[getData0]" time="14.394" /><testcase classname="test_HomePage.TestHomePage" name="test_formSubmission[getData1]" time="11.586"><failure message="selenium.common.exceptions.NoSuchElementException: Message: no such element: Unable to locate element: {&quot;method&quot;:&quot;css selector&quot;,&quot;selector&quot;:&quot;[class*='alert-success']&quot;}&#10;  (Session info: chrome=87.0.4280.141)&#10;  (Driver info: chromedriver=2.44.609538 (b655c5a60b0b544917107a59d4153d4bf78e1b90),platform=Windows NT 10.0.18363 x86_64)">self = &lt;tests.test_HomePage.TestHomePage object at 0x000001B6583D8D00&gt;
getData = {'emailid': 'Niranjan.s@gmail.com', 'firstname': 'Niranjan', 'gender': 'Male'}

    def test_formSubmission(self, getData):
        log = self.getLogger()
        homepage = HomePage(self.driver)
        log.info("Submission form test")
        # homepage.getName().send_keys(getData[0])
        homepage.getName().send_keys(getData["firstname"])
        # homepage.getEmail().send_keys(getData[1])
        homepage.getEmail().send_keys(getData["emailid"])
        homepage.getCheckBox().click()
        self.selectOptionByText(homepage.getGender(), getData["gender"])
        homepage.submitForm().click()
    
&gt;       alertText = homepage.getSuccessMessgae().text

test_HomePage.py:23: 
_ _ _ _ _ _ _ _ _ _ _ _ _ _ _ _ _ _ _ _ _ _ _ _ _ _ _ _ _ _ _ _ _ _ _ _ _ _ _ _
..\pageObjects\HomePage.py:40: in getSuccessMessgae
    return self.driver.find_element(*HomePage.successMessage)
..\..\..\appdata\local\programs\python\python39\lib\site-packages\selenium\webdriver\remote\webdriver.py:976: in find_element
    return self.execute(Command.FIND_ELEMENT, {
..\..\..\appdata\local\programs\python\python39\lib\site-packages\selenium\webdriver\remote\webdriver.py:321: in execute
    self.error_handler.check_response(response)
_ _ _ _ _ _ _ _ _ _ _ _ _ _ _ _ _ _ _ _ _ _ _ _ _ _ _ _ _ _ _ _ _ _ _ _ _ _ _ _

self = &lt;selenium.webdriver.remote.errorhandler.ErrorHandler object at 0x000001B6583CC5B0&gt;
response = {'sessionId': 'd9fbf5e5c30eae6e0f9f32b02d43bf0d', 'status': 7, 'value': {'message': 'no such element: Unable to locate...ver info: chromedriver=2.44.609538 (b655c5a60b0b544917107a59d4153d4bf78e1b90),platform=Windows NT 10.0.18363 x86_64)'}}

    def check_response(self, response):
        """
        Checks that a JSON response from the WebDriver does not have an error.
    
        :Args:
         - response - The JSON response from the WebDriver server as a dictionary
           object.
    
        :Raises: If the response contains an error message.
        """
        status = response.get('status', None)
        if status is None or status == ErrorCode.SUCCESS:
            return
        value = None
        message = response.get("message", "")
        screen = response.get("screen", "")
        stacktrace = None
        if isinstance(status, int):
            value_json = response.get('value', None)
            if value_json and isinstance(value_json, basestring):
                import json
                try:
                    value = json.loads(value_json)
                    if len(value.keys()) == 1:
                        value = value['value']
                    status = value.get('error', None)
                    if status is None:
                        status = value["status"]
                        message = value["value"]
                        if not isinstance(message, basestring):
                            value = message
                            message = message.get('message')
                    else:
                        message = value.get('message', None)
                except ValueError:
                    pass
    
        exception_class = ErrorInResponseException
        if status in ErrorCode.NO_SUCH_ELEMENT:
            exception_class = NoSuchElementException
        elif status in ErrorCode.NO_SUCH_FRAME:
            exception_class = NoSuchFrameException
        elif status in ErrorCode.NO_SUCH_WINDOW:
            exception_class = NoSuchWindowException
        elif status in ErrorCode.STALE_ELEMENT_REFERENCE:
            exception_class = StaleElementReferenceException
        elif status in ErrorCode.ELEMENT_NOT_VISIBLE:
            exception_class = ElementNotVisibleException
        elif status in ErrorCode.INVALID_ELEMENT_STATE:
            exception_class = InvalidElementStateException
        elif status in ErrorCode.INVALID_SELECTOR \
                or status in ErrorCode.INVALID_XPATH_SELECTOR \
                or status in ErrorCode.INVALID_XPATH_SELECTOR_RETURN_TYPER:
            exception_class = InvalidSelectorException
        elif status in ErrorCode.ELEMENT_IS_NOT_SELECTABLE:
            exception_class = ElementNotSelectableException
        elif status in ErrorCode.ELEMENT_NOT_INTERACTABLE:
            exception_class = ElementNotInteractableException
        elif status in ErrorCode.INVALID_COOKIE_DOMAIN:
            exception_class = InvalidCookieDomainException
        elif status in ErrorCode.UNABLE_TO_SET_COOKIE:
            exception_class = UnableToSetCookieException
        elif status in ErrorCode.TIMEOUT:
            exception_class = TimeoutException
        elif status in ErrorCode.SCRIPT_TIMEOUT:
            exception_class = TimeoutException
        elif status in ErrorCode.UNKNOWN_ERROR:
            exception_class = WebDriverException
        elif status in ErrorCode.UNEXPECTED_ALERT_OPEN:
            exception_class = UnexpectedAlertPresentException
        elif status in ErrorCode.NO_ALERT_OPEN:
            exception_class = NoAlertPresentException
        elif status in ErrorCode.IME_NOT_AVAILABLE:
            exception_class = ImeNotAvailableException
        elif status in ErrorCode.IME_ENGINE_ACTIVATION_FAILED:
            exception_class = ImeActivationFailedException
        elif status in ErrorCode.MOVE_TARGET_OUT_OF_BOUNDS:
            exception_class = MoveTargetOutOfBoundsException
        elif status in ErrorCode.JAVASCRIPT_ERROR:
            exception_class = JavascriptException
        elif status in ErrorCode.SESSION_NOT_CREATED:
            exception_class = SessionNotCreatedException
        elif status in ErrorCode.INVALID_ARGUMENT:
            exception_class = InvalidArgumentException
        elif status in ErrorCode.NO_SUCH_COOKIE:
            exception_class = NoSuchCookieException
        elif status in ErrorCode.UNABLE_TO_CAPTURE_SCREEN:
            exception_class = ScreenshotException
        elif status in ErrorCode.ELEMENT_CLICK_INTERCEPTED:
            exception_class = ElementClickInterceptedException
        elif status in ErrorCode.INSECURE_CERTIFICATE:
            exception_class = InsecureCertificateException
        elif status in ErrorCode.INVALID_COORDINATES:
            exception_class = InvalidCoordinatesException
        elif status in ErrorCode.INVALID_SESSION_ID:
            exception_class = InvalidSessionIdException
        elif status in ErrorCode.UNKNOWN_METHOD:
            exception_class = UnknownMethodException
        else:
            exception_class = WebDriverException
        if value == '' or value is None:
            value = response['value']
        if isinstance(value, basestring):
            if exception_class == ErrorInResponseException:
                raise exception_class(response, value)
            raise exception_class(value)
        if message == "" and 'message' in value:
            message = value['message']
    
        screen = None
        if 'screen' in value:
            screen = value['screen']
    
        stacktrace = None
        if 'stackTrace' in value and value['stackTrace']:
            stacktrace = []
            try:
                for frame in value['stackTrace']:
                    line = self._value_or_default(frame, 'lineNumber', '')
                    file = self._value_or_default(frame, 'fileName', '&lt;anonymous&gt;')
                    if line:
                        file = "%s:%s" % (file, line)
                    meth = self._value_or_default(frame, 'methodName', '&lt;anonymous&gt;')
                    if 'className' in frame:
                        meth = "%s.%s" % (frame['className'], meth)
                    msg = "    at %s (%s)"
                    msg = msg % (meth, file)
                    stacktrace.append(msg)
            except TypeError:
                pass
        if exception_class == ErrorInResponseException:
            raise exception_class(response, message)
        elif exception_class == UnexpectedAlertPresentException:
            alert_text = None
            if 'data' in value:
                alert_text = value['data'].get('text')
            elif 'alert' in value:
                alert_text = value['alert'].get('text')
            raise exception_class(message, screen, stacktrace, alert_text)
&gt;       raise exception_class(message, screen, stacktrace)
E       selenium.common.exceptions.NoSuchElementException: Message: no such element: Unable to locate element: {"method":"css selector","selector":"[class*='alert-success']"}
E         (Session info: chrome=87.0.4280.141)
E         (Driver info: chromedriver=2.44.609538 (b655c5a60b0b544917107a59d4153d4bf78e1b90),platform=Windows NT 10.0.18363 x86_64)

..\..\..\appdata\local\programs\python\python39\lib\site-packages\selenium\webdriver\remote\errorhandler.py:242: NoSuchElementException</failure></testcase><testcase classname="test_e2e.TestOne" name="test_e2e" time="13.788"><failure message="AssertionError: assert 'Success! Thank you kjfaeshgkvjahskj ghj!' in '×\nSuccess! Thank you! Your order will be delivered in next few weeks :-).'">self = &lt;tests.test_e2e.TestOne object at 0x000001B658594D90&gt;

    def test_e2e(self):
        log = self.getLogger()
        homePage = HomePage(self.driver)
        checkoutPage = homePage.shopItems()
        log.info("Getting all card details")
        products = checkoutPage.getProductTitles()
    
        i = -1
        for product in products:
            i = i + 1
            productName = product.text
            log.info(productName)
            if productName == "Blackberry":
                checkoutPage.getProductFooter()[i].click()
    
        self.driver.find_element_by_css_selector("a[class*='btn-primary']").click()
        confirmPage = checkoutPage.checkoutItems()
        log.info("Entering country name as ind")
        self.driver.find_element_by_id("country").send_keys("ind")
        self.verifyLinkPresence("India")
    
        # wait = WebDriverWait(self.driver, 7)
        # wait.until(expected_conditions.presence_of_element_located((By.LINK_TEXT, "India")))
        self.driver.find_element_by_link_text("India").click()
        self.driver.find_element_by_xpath("//div[@class = 'checkbox checkbox-primary']").click()
        self.driver.find_element_by_css_selector("[type='submit']").click()
        successText = self.driver.find_element_by_class_name("alert-success").text
        log.info("successText")
    
        # assert "Success! Thank you!" in successText
&gt;       assert "Success! Thank you kjfaeshgkvjahskj ghj!" in successText
E       AssertionError: assert 'Success! Thank you kjfaeshgkvjahskj ghj!' in '×\nSuccess! Thank you! Your order will be delivered in next few weeks :-).'

test_e2e.py:46: AssertionError</failure></testcase></testsuite></testsuites>